{"/home/aelawad/projects/bevops/server/routes/auth.js": {"path":"/home/aelawad/projects/bevops/server/routes/auth.js","statementMap":{"0":{"start":{"line":1,"column":16},"end":{"line":1,"column":34}},"1":{"start":{"line":2,"column":16},"end":{"line":2,"column":35}},"2":{"start":{"line":3,"column":15},"end":{"line":3,"column":47}},"3":{"start":{"line":4,"column":31},"end":{"line":4,"column":71}},"4":{"start":{"line":5,"column":13},"end":{"line":5,"column":28}},"5":{"start":{"line":6,"column":15},"end":{"line":6,"column":31}},"6":{"start":{"line":8,"column":0},"end":{"line":34,"column":3}},"7":{"start":{"line":9,"column":4},"end":{"line":33,"column":5}},"8":{"start":{"line":10,"column":8},"end":{"line":10,"column":65}},"9":{"start":{"line":11,"column":8},"end":{"line":29,"column":27}},"10":{"start":{"line":12,"column":12},"end":{"line":14,"column":13}},"11":{"start":{"line":13,"column":16},"end":{"line":13,"column":33}},"12":{"start":{"line":15,"column":12},"end":{"line":20,"column":13}},"13":{"start":{"line":16,"column":16},"end":{"line":18,"column":17}},"14":{"start":{"line":17,"column":20},"end":{"line":17,"column":75}},"15":{"start":{"line":19,"column":16},"end":{"line":19,"column":88}},"16":{"start":{"line":21,"column":12},"end":{"line":27,"column":15}},"17":{"start":{"line":22,"column":16},"end":{"line":22,"column":42}},"18":{"start":{"line":22,"column":25},"end":{"line":22,"column":42}},"19":{"start":{"line":23,"column":16},"end":{"line":25,"column":17}},"20":{"start":{"line":24,"column":20},"end":{"line":24,"column":67}},"21":{"start":{"line":26,"column":16},"end":{"line":26,"column":51}},"22":{"start":{"line":31,"column":8},"end":{"line":31,"column":47}},"23":{"start":{"line":32,"column":8},"end":{"line":32,"column":73}},"24":{"start":{"line":36,"column":0},"end":{"line":44,"column":3}},"25":{"start":{"line":37,"column":4},"end":{"line":43,"column":5}},"26":{"start":{"line":38,"column":8},"end":{"line":38,"column":61}},"27":{"start":{"line":39,"column":8},"end":{"line":39,"column":80}},"28":{"start":{"line":41,"column":8},"end":{"line":41,"column":47}},"29":{"start":{"line":42,"column":8},"end":{"line":42,"column":73}},"30":{"start":{"line":46,"column":0},"end":{"line":46,"column":69}},"31":{"start":{"line":48,"column":0},"end":{"line":62,"column":3}},"32":{"start":{"line":49,"column":4},"end":{"line":61,"column":5}},"33":{"start":{"line":50,"column":8},"end":{"line":50,"column":66}},"34":{"start":{"line":51,"column":8},"end":{"line":56,"column":11}},"35":{"start":{"line":52,"column":12},"end":{"line":55,"column":13}},"36":{"start":{"line":53,"column":16},"end":{"line":53,"column":58}},"37":{"start":{"line":54,"column":16},"end":{"line":54,"column":81}},"38":{"start":{"line":57,"column":8},"end":{"line":57,"column":31}},"39":{"start":{"line":59,"column":8},"end":{"line":59,"column":48}},"40":{"start":{"line":60,"column":8},"end":{"line":60,"column":73}},"41":{"start":{"line":64,"column":0},"end":{"line":64,"column":24}}},"fnMap":{"0":{"name":"(anonymous_0)","decl":{"start":{"line":8,"column":22},"end":{"line":8,"column":23}},"loc":{"start":{"line":8,"column":42},"end":{"line":34,"column":1}},"line":8},"1":{"name":"(anonymous_1)","decl":{"start":{"line":11,"column":39},"end":{"line":11,"column":40}},"loc":{"start":{"line":11,"column":60},"end":{"line":29,"column":9}},"line":11},"2":{"name":"(anonymous_2)","decl":{"start":{"line":21,"column":28},"end":{"line":21,"column":29}},"loc":{"start":{"line":21,"column":35},"end":{"line":27,"column":13}},"line":21},"3":{"name":"(anonymous_3)","decl":{"start":{"line":36,"column":21},"end":{"line":36,"column":22}},"loc":{"start":{"line":36,"column":35},"end":{"line":44,"column":1}},"line":36},"4":{"name":"(anonymous_4)","decl":{"start":{"line":48,"column":22},"end":{"line":48,"column":23}},"loc":{"start":{"line":48,"column":36},"end":{"line":62,"column":1}},"line":48},"5":{"name":"(anonymous_5)","decl":{"start":{"line":51,"column":19},"end":{"line":51,"column":20}},"loc":{"start":{"line":51,"column":26},"end":{"line":56,"column":9}},"line":51}},"branchMap":{"0":{"loc":{"start":{"line":12,"column":12},"end":{"line":14,"column":13}},"type":"if","locations":[{"start":{"line":12,"column":12},"end":{"line":14,"column":13}},{"start":{},"end":{}}],"line":12},"1":{"loc":{"start":{"line":15,"column":12},"end":{"line":20,"column":13}},"type":"if","locations":[{"start":{"line":15,"column":12},"end":{"line":20,"column":13}},{"start":{},"end":{}}],"line":15},"2":{"loc":{"start":{"line":16,"column":16},"end":{"line":18,"column":17}},"type":"if","locations":[{"start":{"line":16,"column":16},"end":{"line":18,"column":17}},{"start":{},"end":{}}],"line":16},"3":{"loc":{"start":{"line":22,"column":16},"end":{"line":22,"column":42}},"type":"if","locations":[{"start":{"line":22,"column":16},"end":{"line":22,"column":42}},{"start":{},"end":{}}],"line":22},"4":{"loc":{"start":{"line":23,"column":16},"end":{"line":25,"column":17}},"type":"if","locations":[{"start":{"line":23,"column":16},"end":{"line":25,"column":17}},{"start":{},"end":{}}],"line":23},"5":{"loc":{"start":{"line":52,"column":12},"end":{"line":55,"column":13}},"type":"if","locations":[{"start":{"line":52,"column":12},"end":{"line":55,"column":13}},{"start":{},"end":{}}],"line":52}},"s":{"0":1,"1":1,"2":1,"3":1,"4":1,"5":1,"6":1,"7":2,"8":2,"9":2,"10":2,"11":0,"12":2,"13":1,"14":1,"15":0,"16":1,"17":1,"18":0,"19":1,"20":1,"21":0,"22":0,"23":0,"24":1,"25":0,"26":0,"27":0,"28":0,"29":0,"30":1,"31":1,"32":1,"33":1,"34":1,"35":1,"36":0,"37":0,"38":1,"39":0,"40":0,"41":1},"f":{"0":2,"1":2,"2":1,"3":0,"4":1,"5":1},"b":{"0":[0,2],"1":[1,1],"2":[1,0],"3":[0,1],"4":[1,0],"5":[0,1]},"_coverageSchema":"1a1c01bbd47fc00a2c39e90264f33305004495a9","hash":"f9e5ad6bd52ed21bc80aa2824af4292e8d6611b2"}
,"/home/aelawad/projects/bevops/server/services/database.js": {"path":"/home/aelawad/projects/bevops/server/services/database.js","statementMap":{"0":{"start":{"line":2,"column":17},"end":{"line":2,"column":30}},"1":{"start":{"line":3,"column":15},"end":{"line":3,"column":32}},"2":{"start":{"line":4,"column":15},"end":{"line":4,"column":47}},"3":{"start":{"line":5,"column":31},"end":{"line":5,"column":68}},"4":{"start":{"line":7,"column":0},"end":{"line":7,"column":16}},"5":{"start":{"line":9,"column":19},"end":{"line":18,"column":1}},"6":{"start":{"line":20,"column":13},"end":{"line":20,"column":33}},"7":{"start":{"line":23,"column":0},"end":{"line":28,"column":3}},"8":{"start":{"line":24,"column":4},"end":{"line":24,"column":75}},"9":{"start":{"line":27,"column":2},"end":{"line":27,"column":19}},"10":{"start":{"line":37,"column":14},"end":{"line":48,"column":1}},"11":{"start":{"line":38,"column":20},"end":{"line":38,"column":30}},"12":{"start":{"line":39,"column":2},"end":{"line":47,"column":3}},"13":{"start":{"line":40,"column":19},"end":{"line":40,"column":49}},"14":{"start":{"line":41,"column":21},"end":{"line":41,"column":43}},"15":{"start":{"line":42,"column":4},"end":{"line":42,"column":101}},"16":{"start":{"line":43,"column":4},"end":{"line":43,"column":18}},"17":{"start":{"line":45,"column":4},"end":{"line":45,"column":77}},"18":{"start":{"line":46,"column":4},"end":{"line":46,"column":16}},"19":{"start":{"line":58,"column":20},"end":{"line":72,"column":1}},"20":{"start":{"line":59,"column":17},"end":{"line":59,"column":37}},"21":{"start":{"line":60,"column":2},"end":{"line":71,"column":3}},"22":{"start":{"line":61,"column":4},"end":{"line":61,"column":32}},"23":{"start":{"line":62,"column":19},"end":{"line":62,"column":52}},"24":{"start":{"line":63,"column":4},"end":{"line":63,"column":33}},"25":{"start":{"line":64,"column":4},"end":{"line":64,"column":18}},"26":{"start":{"line":66,"column":4},"end":{"line":66,"column":35}},"27":{"start":{"line":67,"column":4},"end":{"line":67,"column":61}},"28":{"start":{"line":68,"column":4},"end":{"line":68,"column":16}},"29":{"start":{"line":70,"column":4},"end":{"line":70,"column":21}},"30":{"start":{"line":74,"column":0},"end":{"line":78,"column":2}}},"fnMap":{"0":{"name":"(anonymous_0)","decl":{"start":{"line":23,"column":17},"end":{"line":23,"column":18}},"loc":{"start":{"line":23,"column":34},"end":{"line":28,"column":1}},"line":23},"1":{"name":"(anonymous_1)","decl":{"start":{"line":37,"column":14},"end":{"line":37,"column":15}},"loc":{"start":{"line":37,"column":38},"end":{"line":48,"column":1}},"line":37},"2":{"name":"(anonymous_2)","decl":{"start":{"line":58,"column":20},"end":{"line":58,"column":21}},"loc":{"start":{"line":58,"column":51},"end":{"line":72,"column":1}},"line":58}},"branchMap":{"0":{"loc":{"start":{"line":14,"column":8},"end":{"line":14,"column":70}},"type":"cond-expr","locations":[{"start":{"line":14,"column":30},"end":{"line":14,"column":63}},{"start":{"line":14,"column":66},"end":{"line":14,"column":70}}],"line":14},"1":{"loc":{"start":{"line":15,"column":7},"end":{"line":15,"column":65}},"type":"cond-expr","locations":[{"start":{"line":15,"column":28},"end":{"line":15,"column":60}},{"start":{"line":15,"column":63},"end":{"line":15,"column":65}}],"line":15},"2":{"loc":{"start":{"line":16,"column":21},"end":{"line":16,"column":100}},"type":"cond-expr","locations":[{"start":{"line":16,"column":51},"end":{"line":16,"column":92}},{"start":{"line":16,"column":95},"end":{"line":16,"column":100}}],"line":16},"3":{"loc":{"start":{"line":17,"column":27},"end":{"line":17,"column":105}},"type":"cond-expr","locations":[{"start":{"line":17,"column":57},"end":{"line":17,"column":98}},{"start":{"line":17,"column":101},"end":{"line":17,"column":105}}],"line":17}},"s":{"0":1,"1":1,"2":1,"3":1,"4":1,"5":1,"6":1,"7":1,"8":0,"9":0,"10":1,"11":2,"12":2,"13":2,"14":1,"15":1,"16":1,"17":1,"18":1,"19":1,"20":2,"21":2,"22":2,"23":2,"24":1,"25":1,"26":1,"27":1,"28":1,"29":2,"30":1},"f":{"0":0,"1":2,"2":2},"b":{"0":[0,1],"1":[0,1],"2":[0,1],"3":[0,1]},"_coverageSchema":"1a1c01bbd47fc00a2c39e90264f33305004495a9","hash":"4cee82b73f0b09aefff38f592363670c42545578"}
,"/home/aelawad/projects/bevops/utils/Logger.js": {"path":"/home/aelawad/projects/bevops/utils/Logger.js","statementMap":{"0":{"start":{"line":16,"column":16},"end":{"line":16,"column":34}},"1":{"start":{"line":17,"column":13},"end":{"line":17,"column":28}},"2":{"start":{"line":20,"column":17},"end":{"line":23,"column":1}},"3":{"start":{"line":31,"column":22},"end":{"line":33,"column":39}},"4":{"start":{"line":37,"column":29},"end":{"line":37,"column":80}},"5":{"start":{"line":39,"column":23},"end":{"line":58,"column":4}},"6":{"start":{"line":64,"column":4},"end":{"line":70,"column":5}},"7":{"start":{"line":65,"column":6},"end":{"line":65,"column":27}},"8":{"start":{"line":67,"column":6},"end":{"line":67,"column":64}},"9":{"start":{"line":69,"column":6},"end":{"line":69,"column":50}},"10":{"start":{"line":77,"column":4},"end":{"line":82,"column":5}},"11":{"start":{"line":78,"column":6},"end":{"line":78,"column":50}},"12":{"start":{"line":79,"column":6},"end":{"line":79,"column":56}},"13":{"start":{"line":81,"column":6},"end":{"line":81,"column":50}},"14":{"start":{"line":89,"column":4},"end":{"line":98,"column":6}},"15":{"start":{"line":90,"column":6},"end":{"line":97,"column":7}},"16":{"start":{"line":91,"column":8},"end":{"line":91,"column":63}},"17":{"start":{"line":92,"column":23},"end":{"line":92,"column":57}},"18":{"start":{"line":93,"column":8},"end":{"line":93,"column":26}},"19":{"start":{"line":95,"column":8},"end":{"line":95,"column":53}},"20":{"start":{"line":96,"column":8},"end":{"line":96,"column":39}},"21":{"start":{"line":103,"column":2},"end":{"line":120,"column":3}},"22":{"start":{"line":104,"column":4},"end":{"line":119,"column":6}},"23":{"start":{"line":105,"column":6},"end":{"line":118,"column":7}},"24":{"start":{"line":106,"column":8},"end":{"line":106,"column":58}},"25":{"start":{"line":107,"column":23},"end":{"line":107,"column":51}},"26":{"start":{"line":108,"column":8},"end":{"line":108,"column":31}},"27":{"start":{"line":108,"column":21},"end":{"line":108,"column":31}},"28":{"start":{"line":111,"column":8},"end":{"line":113,"column":9}},"29":{"start":{"line":112,"column":10},"end":{"line":112,"column":56}},"30":{"start":{"line":114,"column":8},"end":{"line":114,"column":70}},"31":{"start":{"line":116,"column":8},"end":{"line":116,"column":53}},"32":{"start":{"line":117,"column":8},"end":{"line":117,"column":39}},"33":{"start":{"line":123,"column":2},"end":{"line":127,"column":4}},"34":{"start":{"line":130,"column":0},"end":{"line":130,"column":24}}},"fnMap":{"0":{"name":"Logger","decl":{"start":{"line":29,"column":9},"end":{"line":29,"column":15}},"loc":{"start":{"line":29,"column":81},"end":{"line":128,"column":1}},"line":29},"1":{"name":"logError","decl":{"start":{"line":63,"column":11},"end":{"line":63,"column":19}},"loc":{"start":{"line":63,"column":27},"end":{"line":71,"column":3}},"line":63},"2":{"name":"logProcess","decl":{"start":{"line":76,"column":11},"end":{"line":76,"column":21}},"loc":{"start":{"line":76,"column":43},"end":{"line":83,"column":3}},"line":76},"3":{"name":"wrapMethods","decl":{"start":{"line":88,"column":17},"end":{"line":88,"column":28}},"loc":{"start":{"line":88,"column":51},"end":{"line":99,"column":3}},"line":88},"4":{"name":"(anonymous_4)","decl":{"start":{"line":89,"column":11},"end":{"line":89,"column":12}},"loc":{"start":{"line":89,"column":35},"end":{"line":98,"column":5}},"line":89},"5":{"name":"(anonymous_5)","decl":{"start":{"line":104,"column":11},"end":{"line":104,"column":12}},"loc":{"start":{"line":104,"column":35},"end":{"line":119,"column":5}},"line":104}},"branchMap":{"0":{"loc":{"start":{"line":31,"column":22},"end":{"line":33,"column":39}},"type":"cond-expr","locations":[{"start":{"line":32,"column":6},"end":{"line":32,"column":17}},{"start":{"line":33,"column":6},"end":{"line":33,"column":39}}],"line":31},"1":{"loc":{"start":{"line":33,"column":9},"end":{"line":33,"column":33}},"type":"binary-expr","locations":[{"start":{"line":33,"column":9},"end":{"line":33,"column":20}},{"start":{"line":33,"column":24},"end":{"line":33,"column":33}}],"line":33},"2":{"loc":{"start":{"line":67,"column":25},"end":{"line":67,"column":62}},"type":"cond-expr","locations":[{"start":{"line":67,"column":41},"end":{"line":67,"column":54}},{"start":{"line":67,"column":57},"end":{"line":67,"column":62}}],"line":67},"3":{"loc":{"start":{"line":103,"column":2},"end":{"line":120,"column":3}},"type":"if","locations":[{"start":{"line":103,"column":2},"end":{"line":120,"column":3}},{"start":{},"end":{}}],"line":103},"4":{"loc":{"start":{"line":108,"column":8},"end":{"line":108,"column":31}},"type":"if","locations":[{"start":{"line":108,"column":8},"end":{"line":108,"column":31}},{"start":{},"end":{}}],"line":108},"5":{"loc":{"start":{"line":111,"column":8},"end":{"line":113,"column":9}},"type":"if","locations":[{"start":{"line":111,"column":8},"end":{"line":113,"column":9}},{"start":{},"end":{}}],"line":111},"6":{"loc":{"start":{"line":112,"column":17},"end":{"line":112,"column":55}},"type":"cond-expr","locations":[{"start":{"line":112,"column":33},"end":{"line":112,"column":46}},{"start":{"line":112,"column":49},"end":{"line":112,"column":55}}],"line":112},"7":{"loc":{"start":{"line":114,"column":15},"end":{"line":114,"column":69}},"type":"cond-expr","locations":[{"start":{"line":114,"column":31},"end":{"line":114,"column":56}},{"start":{"line":114,"column":59},"end":{"line":114,"column":69}}],"line":114}},"s":{"0":2,"1":2,"2":2,"3":2,"4":2,"5":2,"6":2,"7":2,"8":2,"9":0,"10":4,"11":4,"12":4,"13":0,"14":0,"15":0,"16":0,"17":0,"18":0,"19":0,"20":0,"21":2,"22":0,"23":0,"24":0,"25":0,"26":0,"27":0,"28":0,"29":0,"30":0,"31":0,"32":0,"33":2,"34":2},"f":{"0":2,"1":2,"2":4,"3":0,"4":0,"5":0},"b":{"0":[0,2],"1":[2,0],"2":[0,2],"3":[0,2],"4":[0,0],"5":[0,0],"6":[0,0],"7":[0,0]},"_coverageSchema":"1a1c01bbd47fc00a2c39e90264f33305004495a9","hash":"8a13e0e1a8c307d0783602f0cae5cf302709c99c"}
}
