TN:
SF:server/routes/auth.js
FN:8,(anonymous_0)
FN:11,(anonymous_1)
FN:21,(anonymous_2)
FN:36,(anonymous_3)
FN:48,(anonymous_4)
FN:51,(anonymous_5)
FNF:6
FNH:5
FNDA:2,(anonymous_0)
FNDA:2,(anonymous_1)
FNDA:1,(anonymous_2)
FNDA:0,(anonymous_3)
FNDA:1,(anonymous_4)
FNDA:1,(anonymous_5)
DA:1,1
DA:2,1
DA:3,1
DA:4,1
DA:5,1
DA:6,1
DA:8,1
DA:9,2
DA:10,2
DA:11,2
DA:12,2
DA:13,0
DA:15,2
DA:16,1
DA:17,1
DA:19,0
DA:21,1
DA:22,1
DA:23,1
DA:24,1
DA:26,0
DA:31,0
DA:32,0
DA:36,1
DA:37,0
DA:38,0
DA:39,0
DA:41,0
DA:42,0
DA:46,1
DA:48,1
DA:49,1
DA:50,1
DA:51,1
DA:52,1
DA:53,0
DA:54,0
DA:57,1
DA:59,0
DA:60,0
DA:64,1
LF:41
LH:27
BRDA:12,0,0,0
BRDA:12,0,1,2
BRDA:15,1,0,1
BRDA:15,1,1,1
BRDA:16,2,0,1
BRDA:16,2,1,0
BRDA:22,3,0,0
BRDA:22,3,1,1
BRDA:23,4,0,1
BRDA:23,4,1,0
BRDA:52,5,0,0
BRDA:52,5,1,1
BRF:12
BRH:7
end_of_record
TN:
SF:server/services/database.js
FN:23,(anonymous_0)
FN:37,(anonymous_1)
FN:58,(anonymous_2)
FNF:3
FNH:2
FNDA:0,(anonymous_0)
FNDA:2,(anonymous_1)
FNDA:2,(anonymous_2)
DA:2,1
DA:3,1
DA:4,1
DA:5,1
DA:7,1
DA:9,1
DA:20,1
DA:23,1
DA:24,0
DA:27,0
DA:37,1
DA:38,2
DA:39,2
DA:40,2
DA:41,1
DA:42,1
DA:43,1
DA:45,1
DA:46,1
DA:58,1
DA:59,2
DA:60,2
DA:61,2
DA:62,2
DA:63,1
DA:64,1
DA:66,1
DA:67,1
DA:68,1
DA:70,2
DA:74,1
LF:31
LH:29
BRDA:14,0,0,0
BRDA:14,0,1,1
BRDA:15,1,0,0
BRDA:15,1,1,1
BRDA:16,2,0,0
BRDA:16,2,1,1
BRDA:17,3,0,0
BRDA:17,3,1,1
BRF:8
BRH:4
end_of_record
TN:
SF:utils/Logger.js
FN:29,Logger
FN:63,logError
FN:76,logProcess
FN:88,wrapMethods
FN:89,(anonymous_4)
FN:104,(anonymous_5)
FNF:6
FNH:3
FNDA:2,Logger
FNDA:2,logError
FNDA:4,logProcess
FNDA:0,wrapMethods
FNDA:0,(anonymous_4)
FNDA:0,(anonymous_5)
DA:16,2
DA:17,2
DA:20,2
DA:31,2
DA:37,2
DA:39,2
DA:64,2
DA:65,2
DA:67,2
DA:69,0
DA:77,4
DA:78,4
DA:79,4
DA:81,0
DA:89,0
DA:90,0
DA:91,0
DA:92,0
DA:93,0
DA:95,0
DA:96,0
DA:103,2
DA:104,0
DA:105,0
DA:106,0
DA:107,0
DA:108,0
DA:111,0
DA:112,0
DA:114,0
DA:116,0
DA:117,0
DA:123,2
DA:130,2
LF:34
LH:15
BRDA:31,0,0,0
BRDA:31,0,1,2
BRDA:33,1,0,2
BRDA:33,1,1,0
BRDA:67,2,0,0
BRDA:67,2,1,2
BRDA:103,3,0,0
BRDA:103,3,1,2
BRDA:108,4,0,0
BRDA:108,4,1,0
BRDA:111,5,0,0
BRDA:111,5,1,0
BRDA:112,6,0,0
BRDA:112,6,1,0
BRDA:114,7,0,0
BRDA:114,7,1,0
BRF:16
BRH:4
end_of_record
